<?xml version="1.0" encoding="UTF-8"?>
<!-- Generated by org.testng.reporters.JUnitXMLReporter -->
<testsuite hostname="AH-LOAN-167" name="Test" tests="4" failures="0" timestamp="26 Jun 2020 02:20:11 GMT" time="14.368" errors="0">
  <testcase name="EnterGMO" time="0.349" classname="skeleton.TestPriority"/>
  <testcase name="EnterQty" time="0.486" classname="skeleton.TestDependsOn"/>
  <testcase name="proceedorder" time="5.339" classname="skeleton.TestDependsOn"/>
  <testcase name="Billing" time="1.304" classname="skeleton.Testparameter"/>
</testsuite> <!-- Test -->
