<?xml version="1.0" encoding="UTF-8"?>
<!-- Generated by org.testng.reporters.JUnitXMLReporter -->
<testsuite hostname="AH-LOAN-167" name="Test1" tests="4" failures="0" timestamp="26 Jun 2020 02:45:38 GMT" time="10.692" errors="0">
  <testcase name="EnterGMO" time="0.491" classname="skeleton.TestPriority"/>
  <testcase name="EnterQty" time="0.607" classname="skeleton.TestDependsOn"/>
  <testcase name="proceedorder" time="0.325" classname="skeleton.TestDependsOn"/>
  <testcase name="Billing" time="1.389" classname="skeleton.Testparameter"/>
</testsuite> <!-- Test1 -->
